This is pdfTeX, Version 3.1415926-2.5-1.40.14 (TeX Live 2013/Debian) (format=pdflatex 2017.11.20)  25 APR 2018 09:34
entering extended mode
 restricted \write18 enabled.
 %&-line parsing enabled.
**front.tex
(./front.tex
LaTeX2e <2011/06/27>
Babel <3.9h> and hyphenation patterns for 78 languages loaded.

! LaTeX Error: Environment titlepage undefined.

See the LaTeX manual or LaTeX Companion for explanation.
Type  H <return>  for immediate help.
 ...                                              
                                                  
l.3 	\begin{titlepage}
                      
Your command was ignored.
Type  I <command> <return>  to replace it with another command,
or  <return>  to continue without it.


! LaTeX Error: Missing \begin{document}.

See the LaTeX manual or LaTeX Companion for explanation.
Type  H <return>  for immediate help.
 ...                                              
                                                  
l.7 ...tbf{\textit{\large{B.Tech Project Report}}}
                                                  \\[0.5cm]
You're in trouble here.  Try typing  <return>  to proceed.
If that doesn't work, type  X <return>  to quit.

! Undefined control sequence.
<recently read> \large 
                       
l.7 ...tbf{\textit{\large{B.Tech Project Report}}}
                                                  \\[0.5cm]
The control sequence at the end of the top line
of your error message was never \def'ed. If you have
misspelled it (e.g., `\hobx'), type `I' and the correct
spelling (e.g., `I\hbox'). Otherwise just continue,
and I'll forget about whatever was undefined.


Overfull \hbox (34.76627pt too wide) in paragraph at lines 7--7
 []\OT1/cmr/bx/it/10 B.Tech 
 []


Overfull \hbox (35.67183pt too wide) in paragraph at lines 7--7
 \OT1/cmr/bx/it/10 Project 
 []


Overfull \hbox (17.47205pt too wide) in paragraph at lines 7--7
 \OT1/cmr/bx/it/10 Re- 
 []


Overfull \hbox (21.06369pt too wide) in paragraph at lines 7--7
 \OT1/cmr/bx/it/10 port 
 []


! LaTeX Error: Missing \begin{document}.

See the LaTeX manual or LaTeX Companion for explanation.
Type  H <return>  for immediate help.
 ...                                              
                                                  
l.9 ...on Using Generative Adversarial Network }}}
                                                  \\[1.0cm]
You're in trouble here.  Try typing  <return>  to proceed.
If that doesn't work, type  X <return>  to quit.


LaTeX Font Warning: Font shape `OT1/cmr/bx/sc' undefined
(Font)              using `OT1/cmr/bx/n' instead on input line 9.

! Undefined control sequence.
<recently read> \LARGE 
                       
l.9 ...on Using Generative Adversarial Network }}}
                                                  \\[1.0cm]
The control sequence at the end of the top line
of your error message was never \def'ed. If you have
misspelled it (e.g., `\hobx'), type `I' and the correct
spelling (e.g., `I\hbox'). Otherwise just continue,
and I'll forget about whatever was undefined.


Overfull \hbox (30.55537pt too wide) in paragraph at lines 9--9
 []\OT1/cmr/bx/n/10 Image 
 []


Overfull \hbox (16.61102pt too wide) in paragraph at lines 9--9
 \OT1/cmr/bx/n/10 Su- 
 []


Overfull \hbox (16.71521pt too wide) in paragraph at lines 9--9
 \OT1/cmr/bx/n/10 per 
 []


Overfull \hbox (22.26515pt too wide) in paragraph at lines 9--9
 \OT1/cmr/bx/n/10 Res- 
 []


Overfull \hbox (9.58328pt too wide) in paragraph at lines 9--9
 \OT1/cmr/bx/n/10 o- 
 []


Overfull \hbox (13.4166pt too wide) in paragraph at lines 9--9
 \OT1/cmr/bx/n/10 lu- 
 []


Overfull \hbox (19.80545pt too wide) in paragraph at lines 9--9
 \OT1/cmr/bx/n/10 tion 
 []


Overfull \hbox (17.21655pt too wide) in paragraph at lines 9--9
 \OT1/cmr/bx/n/10 Us- 
 []


Overfull \hbox (15.33325pt too wide) in paragraph at lines 9--9
 \OT1/cmr/bx/n/10 ing 
 []


Overfull \hbox (24.53459pt too wide) in paragraph at lines 9--9
 \OT1/cmr/bx/n/10 Gen- 
 []


Overfull \hbox (13.84023pt too wide) in paragraph at lines 9--9
 \OT1/cmr/bx/n/10 er- 
 []


Overfull \hbox (9.42354pt too wide) in paragraph at lines 9--9
 \OT1/cmr/bx/n/10 a- 
 []


Overfull \hbox (18.68741pt too wide) in paragraph at lines 9--9
 \OT1/cmr/bx/n/10 tive 
 []


Overfull \hbox (18.91656pt too wide) in paragraph at lines 9--9
 \OT1/cmr/bx/n/10 Ad- 
 []


Overfull \hbox (19.5902pt too wide) in paragraph at lines 9--9
 \OT1/cmr/bx/n/10 ver- 
 []


Overfull \hbox (18.69571pt too wide) in paragraph at lines 9--9
 \OT1/cmr/bx/n/10 sar- 
 []


Overfull \hbox (11.97908pt too wide) in paragraph at lines 9--9
 \OT1/cmr/bx/n/10 ial 
 []


Overfull \hbox (22.57628pt too wide) in paragraph at lines 9--9
 \OT1/cmr/bx/n/10 Net- 
 []


Overfull \hbox (24.54155pt too wide) in paragraph at lines 9--9
 \OT1/cmr/bx/n/10 work 
 []

! Undefined control sequence.
l.11 		\large
             {Submitted in partial fulfilment for the award of the Degree of...
The control sequence at the end of the top line
of your error message was never \def'ed. If you have
misspelled it (e.g., `\hobx'), type `I' and the correct
spelling (e.g., `I\hbox'). Otherwise just continue,
and I'll forget about whatever was undefined.


! LaTeX Error: Missing \begin{document}.

See the LaTeX manual or LaTeX Companion for explanation.
Type  H <return>  for immediate help.
 ...                                              
                                                  
l.11 		\large{S
               ubmitted in partial fulfilment for the award of the Degree of...

You're in trouble here.  Try typing  <return>  to proceed.
If that doesn't work, type  X <return>  to quit.

Missing character: There is no S in font nullfont!
Missing character: There is no u in font nullfont!
Missing character: There is no b in font nullfont!
Missing character: There is no m in font nullfont!
Missing character: There is no i in font nullfont!
Missing character: There is no t in font nullfont!
Missing character: There is no t in font nullfont!
Missing character: There is no e in font nullfont!
Missing character: There is no d in font nullfont!
Missing character: There is no i in font nullfont!
Missing character: There is no n in font nullfont!
Missing character: There is no p in font nullfont!
Missing character: There is no a in font nullfont!
Missing character: There is no r in font nullfont!
Missing character: There is no t in font nullfont!
Missing character: There is no i in font nullfont!
Missing character: There is no a in font nullfont!
Missing character: There is no l in font nullfont!
Missing character: There is no f in font nullfont!
Missing character: There is no u in font nullfont!
Missing character: There is no l in font nullfont!
Missing character: There is no f in font nullfont!
Missing character: There is no i in font nullfont!
Missing character: There is no l in font nullfont!
Missing character: There is no m in font nullfont!
Missing character: There is no e in font nullfont!
Missing character: There is no n in font nullfont!
Missing character: There is no t in font nullfont!
Missing character: There is no f in font nullfont!
Missing character: There is no o in font nullfont!
Missing character: There is no r in font nullfont!
Missing character: There is no t in font nullfont!
Missing character: There is no h in font nullfont!
Missing character: There is no e in font nullfont!
Missing character: There is no a in font nullfont!
Missing character: There is no w in font nullfont!
Missing character: There is no a in font nullfont!
Missing character: There is no r in font nullfont!
Missing character: There is no d in font nullfont!
Missing character: There is no o in font nullfont!
Missing character: There is no f in font nullfont!
Missing character: There is no t in font nullfont!
Missing character: There is no h in font nullfont!
Missing character: There is no e in font nullfont!
Missing character: There is no D in font nullfont!
Missing character: There is no e in font nullfont!
Missing character: There is no g in font nullfont!
Missing character: There is no r in font nullfont!
Missing character: There is no e in font nullfont!
Missing character: There is no e in font nullfont!
Missing character: There is no o in font nullfont!
Missing character: There is no f in font nullfont!
Missing character: There is no B in font nullfont!
Missing character: There is no a in font nullfont!
Missing character: There is no c in font nullfont!
Missing character: There is no h in font nullfont!
Missing character: There is no e in font nullfont!
Missing character: There is no l in font nullfont!
Missing character: There is no o in font nullfont!
Missing character: There is no r in font nullfont!
Missing character: There is no o in font nullfont!
Missing character: There is no f in font nullfont!
Missing character: There is no T in font nullfont!
Missing character: There is no e in font nullfont!
Missing character: There is no c in font nullfont!
Missing character: There is no h in font nullfont!
Missing character: There is no n in font nullfont!
Missing character: There is no o in font nullfont!
Missing character: There is no l in font nullfont!
Missing character: There is no o in font nullfont!
Missing character: There is no g in font nullfont!
Missing character: There is no y in font nullfont!
Missing character: There is no i in font nullfont!
Missing character: There is no n in font nullfont!
Missing character: There is no C in font nullfont!
Missing character: There is no o in font nullfont!
Missing character: There is no m in font nullfont!
Missing character: There is no p in font nullfont!
Missing character: There is no u in font nullfont!
Missing character: There is no t in font nullfont!
Missing character: There is no e in font nullfont!
Missing character: There is no r in font nullfont!
Missing character: There is no S in font nullfont!
Missing character: There is no c in font nullfont!
Missing character: There is no i in font nullfont!
Missing character: There is no e in font nullfont!
Missing character: There is no n in font nullfont!
Missing character: There is no c in font nullfont!
Missing character: There is no e in font nullfont!
Missing character: There is no a in font nullfont!
Missing character: There is no n in font nullfont!
Missing character: There is no d in font nullfont!
Missing character: There is no E in font nullfont!
Missing character: There is no n in font nullfont!
Missing character: There is no g in font nullfont!
Missing character: There is no i in font nullfont!
Missing character: There is no n in font nullfont!
Missing character: There is no e in font nullfont!
Missing character: There is no e in font nullfont!
Missing character: There is no r in font nullfont!
Missing character: There is no i in font nullfont!
Missing character: There is no n in font nullfont!
Missing character: There is no g in font nullfont!
! Undefined control sequence.
l.13 		\large
             {Submitted by}\\[0.3cm]
The control sequence at the end of the top line
of your error message was never \def'ed. If you have
misspelled it (e.g., `\hobx'), type `I' and the correct
spelling (e.g., `I\hbox'). Otherwise just continue,
and I'll forget about whatever was undefined.


! LaTeX Error: Missing \begin{document}.

See the LaTeX manual or LaTeX Companion for explanation.
Type  H <return>  for immediate help.
 ...                                              
                                                  
l.13 		\large{S
               ubmitted by}\\[0.3cm]
You're in trouble here.  Try typing  <return>  to proceed.
If that doesn't work, type  X <return>  to quit.

Missing character: There is no S in font nullfont!
Missing character: There is no u in font nullfont!
Missing character: There is no b in font nullfont!
Missing character: There is no m in font nullfont!
Missing character: There is no i in font nullfont!
Missing character: There is no t in font nullfont!
Missing character: There is no t in font nullfont!
Missing character: There is no e in font nullfont!
Missing character: There is no d in font nullfont!
Missing character: There is no b in font nullfont!
Missing character: There is no y in font nullfont!

! LaTeX Error: Missing \begin{document}.

See the LaTeX manual or LaTeX Companion for explanation.
Type  H <return>  for immediate help.
 ...                                              
                                                  
l.15 ...tbf{Manu Maheshwar P   (Roll No 14400028)}
                                                  \\
You're in trouble here.  Try typing  <return>  to proceed.
If that doesn't work, type  X <return>  to quit.


Overfull \hbox (28.9651pt too wide) in paragraph at lines 15--15
 []\OT1/cmr/bx/n/10 Manu 
 []


Overfull \hbox (20.34015pt too wide) in paragraph at lines 15--15
 \OT1/cmr/bx/n/10 Ma- 
 []


Overfull \hbox (26.41791pt too wide) in paragraph at lines 15--15
 \OT1/cmr/bx/n/10 hesh- 
 []


Overfull \hbox (18.3124pt too wide) in paragraph at lines 15--15
 \OT1/cmr/bx/n/10 war 
 []


Overfull \hbox (7.86107pt too wide) in paragraph at lines 15--15
 \OT1/cmr/bx/n/10 P 
 []


Overfull \hbox (25.23598pt too wide) in paragraph at lines 15--15
 \OT1/cmr/bx/n/10 (Roll 
 []


Overfull \hbox (14.74992pt too wide) in paragraph at lines 15--15
 \OT1/cmr/bx/n/10 No 
 []


Overfull \hbox (50.47195pt too wide) in paragraph at lines 15--15
 \OT1/cmr/bx/n/10 14400028) 
 []


! LaTeX Error: Missing \begin{document}.

See the LaTeX manual or LaTeX Companion for explanation.
Type  H <return>  for immediate help.
 ...                                              
                                                  
l.16 ...extbf{Mridul Joshi     (Roll No 14400069)}
                                                  \\
You're in trouble here.  Try typing  <return>  to proceed.
If that doesn't work, type  X <return>  to quit.


Overfull \hbox (34.81927pt too wide) in paragraph at lines 16--16
 []\OT1/cmr/bx/n/10 Mridul 
 []


Overfull \hbox (25.81374pt too wide) in paragraph at lines 16--16
 \OT1/cmr/bx/n/10 Joshi 
 []


Overfull \hbox (25.23598pt too wide) in paragraph at lines 16--16
 \OT1/cmr/bx/n/10 (Roll 
 []


Overfull \hbox (14.74992pt too wide) in paragraph at lines 16--16
 \OT1/cmr/bx/n/10 No 
 []


Overfull \hbox (50.47195pt too wide) in paragraph at lines 16--16
 \OT1/cmr/bx/n/10 14400069) 
 []


! LaTeX Error: Missing \begin{document}.

See the LaTeX manual or LaTeX Companion for explanation.
Type  H <return>  for immediate help.
 ...                                              
                                                  
l.17 ...xtbf{Nabeel Kabeer     (Roll No 14400033)}
                                                  \\
You're in trouble here.  Try typing  <return>  to proceed.
If that doesn't work, type  X <return>  to quit.


Overfull \hbox (35.03453pt too wide) in paragraph at lines 17--17
 []\OT1/cmr/bx/n/10 Nabeel 
 []


Overfull \hbox (36.59009pt too wide) in paragraph at lines 17--17
 \OT1/cmr/bx/n/10 Kabeer 
 []


Overfull \hbox (25.23598pt too wide) in paragraph at lines 17--17
 \OT1/cmr/bx/n/10 (Roll 
 []


Overfull \hbox (14.74992pt too wide) in paragraph at lines 17--17
 \OT1/cmr/bx/n/10 No 
 []


Overfull \hbox (50.47195pt too wide) in paragraph at lines 17--17
 \OT1/cmr/bx/n/10 14400033) 
 []


! LaTeX Error: Missing \begin{document}.

See the LaTeX manual or LaTeX Companion for explanation.
Type  H <return>  for immediate help.
 ...                                              
                                                  
l.18 ...bf{Nithin Chandran P   (Roll No 14400036)}
                                                  \\[1.2cm]
You're in trouble here.  Try typing  <return>  to proceed.
If that doesn't work, type  X <return>  to quit.


Overfull \hbox (32.63872pt too wide) in paragraph at lines 18--18
 []\OT1/cmr/bx/n/10 Nithin 
 []


Overfull \hbox (30.50676pt too wide) in paragraph at lines 18--18
 \OT1/cmr/bx/n/10 Chan- 
 []


Overfull \hbox (23.10403pt too wide) in paragraph at lines 18--18
 \OT1/cmr/bx/n/10 dran 
 []


Overfull \hbox (7.86107pt too wide) in paragraph at lines 18--18
 \OT1/cmr/bx/n/10 P 
 []


Overfull \hbox (25.23598pt too wide) in paragraph at lines 18--18
 \OT1/cmr/bx/n/10 (Roll 
 []


Overfull \hbox (14.74992pt too wide) in paragraph at lines 18--18
 \OT1/cmr/bx/n/10 No 
 []


Overfull \hbox (50.47195pt too wide) in paragraph at lines 18--18
 \OT1/cmr/bx/n/10 14400036) 
 []


! LaTeX Error: Missing \begin{document}.

See the LaTeX manual or LaTeX Companion for explanation.
Type  H <return>  for immediate help.
 ...                                              
                                                  
l.20 		{U
         nder the guidance of}\\[0.25cm]
You're in trouble here.  Try typing  <return>  to proceed.
If that doesn't work, type  X <return>  to quit.

Missing character: There is no U in font nullfont!
Missing character: There is no n in font nullfont!
Missing character: There is no d in font nullfont!
Missing character: There is no e in font nullfont!
Missing character: There is no r in font nullfont!
Missing character: There is no t in font nullfont!
Missing character: There is no h in font nullfont!
Missing character: There is no e in font nullfont!
Missing character: There is no g in font nullfont!
Missing character: There is no u in font nullfont!
Missing character: There is no i in font nullfont!
Missing character: There is no d in font nullfont!
Missing character: There is no a in font nullfont!
Missing character: There is no n in font nullfont!
Missing character: There is no c in font nullfont!
Missing character: There is no e in font nullfont!
Missing character: There is no o in font nullfont!
Missing character: There is no f in font nullfont!

! LaTeX Error: Missing \begin{document}.

See the LaTeX manual or LaTeX Companion for explanation.
Type  H <return>  for immediate help.
 ...                                              
                                                  
l.21 		\textbf{\large{Dr. Ajeesh Ramanujan}}
                                            \\[0.5cm]
You're in trouble here.  Try typing  <return>  to proceed.
If that doesn't work, type  X <return>  to quit.

! Undefined control sequence.
<recently read> \large 
                       
l.21 		\textbf{\large{Dr. Ajeesh Ramanujan}}
                                            \\[0.5cm]
The control sequence at the end of the top line
of your error message was never \def'ed. If you have
misspelled it (e.g., `\hobx'), type `I' and the correct
spelling (e.g., `I\hbox'). Otherwise just continue,
and I'll forget about whatever was undefined.


Overfull \hbox (16.74992pt too wide) in paragraph at lines 21--21
 []\OT1/cmr/bx/n/10 Dr. 
 []


Overfull \hbox (33.67482pt too wide) in paragraph at lines 21--21
 \OT1/cmr/bx/n/10 Ajeesh 
 []


Overfull \hbox (18.0485pt too wide) in paragraph at lines 21--21
 \OT1/cmr/bx/n/10 Ra- 
 []


Overfull \hbox (31.46509pt too wide) in paragraph at lines 21--21
 \OT1/cmr/bx/n/10 manu- 
 []


Overfull \hbox (15.49295pt too wide) in paragraph at lines 21--21
 \OT1/cmr/bx/n/10 jan 
 []

! Undefined control sequence.
l.23 		\includegraphics
                       [width=5cm]{logo.jpg}
The control sequence at the end of the top line
of your error message was never \def'ed. If you have
misspelled it (e.g., `\hobx'), type `I' and the correct
spelling (e.g., `I\hbox'). Otherwise just continue,
and I'll forget about whatever was undefined.


! LaTeX Error: Missing \begin{document}.

See the LaTeX manual or LaTeX Companion for explanation.
Type  H <return>  for immediate help.
 ...                                              
                                                  
l.23 		\includegraphics[
                        width=5cm]{logo.jpg}
You're in trouble here.  Try typing  <return>  to proceed.
If that doesn't work, type  X <return>  to quit.

Missing character: There is no [ in font nullfont!
Missing character: There is no w in font nullfont!
Missing character: There is no i in font nullfont!
Missing character: There is no d in font nullfont!
Missing character: There is no t in font nullfont!
Missing character: There is no h in font nullfont!
Missing character: There is no = in font nullfont!
Missing character: There is no 5 in font nullfont!
Missing character: There is no c in font nullfont!
Missing character: There is no m in font nullfont!
Missing character: There is no ] in font nullfont!
Missing character: There is no l in font nullfont!
Missing character: There is no o in font nullfont!
Missing character: There is no g in font nullfont!
Missing character: There is no o in font nullfont!
Missing character: There is no . in font nullfont!
Missing character: There is no j in font nullfont!
Missing character: There is no p in font nullfont!
Missing character: There is no g in font nullfont!

! LaTeX Error: Missing \begin{document}.

See the LaTeX manual or LaTeX Companion for explanation.
Type  H <return>  for immediate help.
 ...                                              
                                                  
l.25 		D
        epartment of Computer Science and Engineering\\
You're in trouble here.  Try typing  <return>  to proceed.
If that doesn't work, type  X <return>  to quit.

Missing character: There is no D in font nullfont!
Missing character: There is no e in font nullfont!
Missing character: There is no p in font nullfont!
Missing character: There is no a in font nullfont!
Missing character: There is no r in font nullfont!
Missing character: There is no t in font nullfont!
Missing character: There is no m in font nullfont!
Missing character: There is no e in font nullfont!
Missing character: There is no n in font nullfont!
Missing character: There is no t in font nullfont!
Missing character: There is no o in font nullfont!
Missing character: There is no f in font nullfont!
Missing character: There is no C in font nullfont!
Missing character: There is no o in font nullfont!
Missing character: There is no m in font nullfont!
Missing character: There is no p in font nullfont!
Missing character: There is no u in font nullfont!
Missing character: There is no t in font nullfont!
Missing character: There is no e in font nullfont!
Missing character: There is no r in font nullfont!
Missing character: There is no S in font nullfont!
Missing character: There is no c in font nullfont!
Missing character: There is no i in font nullfont!
Missing character: There is no e in font nullfont!
Missing character: There is no n in font nullfont!
Missing character: There is no c in font nullfont!
Missing character: There is no e in font nullfont!
Missing character: There is no a in font nullfont!
Missing character: There is no n in font nullfont!
Missing character: There is no d in font nullfont!
Missing character: There is no E in font nullfont!
Missing character: There is no n in font nullfont!
Missing character: There is no g in font nullfont!
Missing character: There is no i in font nullfont!
Missing character: There is no n in font nullfont!
Missing character: There is no e in font nullfont!
Missing character: There is no e in font nullfont!
Missing character: There is no r in font nullfont!
Missing character: There is no i in font nullfont!
Missing character: There is no n in font nullfont!
Missing character: There is no g in font nullfont!

! LaTeX Error: Missing \begin{document}.

See the LaTeX manual or LaTeX Companion for explanation.
Type  H <return>  for immediate help.
 ...                                              
                                                  
l.26 		\textsc{College of Engineering, Trivandrum}
                                                  \\
You're in trouble here.  Try typing  <return>  to proceed.
If that doesn't work, type  X <return>  to quit.


Overfull \hbox (42.04973pt too wide) in paragraph at lines 26--26
 []\OT1/cmr/m/sc/10 College 
 []


Overfull \hbox (11.71107pt too wide) in paragraph at lines 26--26
 \OT1/cmr/m/sc/10 of 
 []


Overfull \hbox (17.32764pt too wide) in paragraph at lines 26--26
 \OT1/cmr/m/sc/10 En- 
 []


Overfull \hbox (13.21101pt too wide) in paragraph at lines 26--26
 \OT1/cmr/m/sc/10 gi- 
 []


Overfull \hbox (27.08875pt too wide) in paragraph at lines 26--26
 \OT1/cmr/m/sc/10 neer- 
 []


Overfull \hbox (18.76099pt too wide) in paragraph at lines 26--26
 \OT1/cmr/m/sc/10 ing, 
 []


Overfull \hbox (38.19424pt too wide) in paragraph at lines 26--26
 \OT1/cmr/m/sc/10 Trivan- 
 []


Overfull \hbox (25.64435pt too wide) in paragraph at lines 26--26
 \OT1/cmr/m/sc/10 drum 
 []


! LaTeX Error: Missing \begin{document}.

See the LaTeX manual or LaTeX Companion for explanation.
Type  H <return>  for immediate help.
 ...                                              
                                                  
l.27 		\textsc{Kerala}
                      \\
You're in trouble here.  Try typing  <return>  to proceed.
If that doesn't work, type  X <return>  to quit.


Overfull \hbox (37.43036pt too wide) in paragraph at lines 27--27
 []\OT1/cmr/m/sc/10 Kerala 
 []


! LaTeX Error: Missing \begin{document}.

See the LaTeX manual or LaTeX Companion for explanation.
Type  H <return>  for immediate help.
 ...                                              
                                                  
l.28 		\textsc{April 2018}
                          \\
You're in trouble here.  Try typing  <return>  to proceed.
If that doesn't work, type  X <return>  to quit.


Overfull \hbox (27.89426pt too wide) in paragraph at lines 28--28
 []\OT1/cmr/m/sc/10 April 
 []


Overfull \hbox (22.1109pt too wide) in paragraph at lines 28--28
 \OT1/cmr/m/sc/10 2018 
 []


! LaTeX Error: \begin{document} ended by \end{titlepage}.

See the LaTeX manual or LaTeX Companion for explanation.
Type  H <return>  for immediate help.
 ...                                              
                                                  
l.31 	\end{titlepage}
                     
Your command was ignored.
Type  I <command> <return>  to replace it with another command,
or  <return>  to continue without it.

)
! Emergency stop.
<*> front.tex
             
*** (job aborted, no legal \end found)

 
Here is how much of TeX's memory you used:
 19 strings out of 493304
 268 string characters out of 6139870
 53880 words of memory out of 5000000
 3575 multiletter control sequences out of 15000+600000
 4608 words of font info for 17 fonts, out of 8000000 for 9000
 957 hyphenation exceptions out of 8191
 14i,1n,11p,152b,135s stack positions out of 5000i,500n,10000p,200000b,80000s
!  ==> Fatal error occurred, no output PDF file produced!
